<?xml version='1.0'?>
<ns2:test-suite xmlns:ns2='urn:model.allure.qatools.yandex.ru' start='1606909791005' stop='1606909817730'>
    <name>Fixed things(texts,logo,title etc) present in the Set Pin Page</name>
    <title>Fixed things(texts,logo,title etc) present in the Set Pin Page</title>
    <test-cases>
        <test-case start='1606909791005' status='passed' stop='1606909792522'>
            <name>Should verify the title</name>
            <title>Should verify the title</title>
            <labels>
                <label name='language' value='javascript'/>
                <label name='framework' value='wdio'/>
                <label name='thread' value='0-0'/>
                <label name='language' value='javascript'/>
                <label name='framework' value='wdio'/>
                <label name='thread' value='0-0'/>
            </labels>
            <parameters>
                <parameter kind='argument' name='browser' value='chrome-86.0.4240.198'/>
                <parameter kind='argument' name='browser' value='chrome-86.0.4240.198'/>
            </parameters>
            <steps/>
            <attachments/>
        </test-case>
        <test-case start='1606909792522' status='broken' stop='1606909802769'>
            <name>Logo should be displayed</name>
            <title>Logo should be displayed</title>
            <labels>
                <label name='language' value='javascript'/>
                <label name='framework' value='wdio'/>
                <label name='thread' value='0-0'/>
                <label name='language' value='javascript'/>
                <label name='framework' value='wdio'/>
                <label name='thread' value='0-0'/>
            </labels>
            <parameters>
                <parameter kind='argument' name='browser' value='chrome-86.0.4240.198'/>
                <parameter kind='argument' name='browser' value='chrome-86.0.4240.198'/>
            </parameters>
            <steps/>
            <attachments/>
            <failure>
                <message>Can't call addValue on element with selector "#email" because element wasn't found</message>
                <stack-trace>Error: Can't call addValue on element with selector "#email" because element wasn't found
                    at Object.implicitWait [as default] (C:\Users\Atul Kumar\Desktop\CTI\node_modules\webdriverio\build\utils\implicitWait.js:26:19)
                    at Element.runCommandWithHooks (C:\Users\Atul Kumar\Desktop\CTI\node_modules\@wdio\sync\build\wrapCommand.js:65:24)
                    at Element.wrapCommandFn (C:\Users\Atul Kumar\Desktop\CTI\node_modules\@wdio\sync\build\wrapCommand.js:44:44)
                    at Element.elementErrorHandlerCallback (C:\Users\Atul Kumar\Desktop\CTI\node_modules\webdriverio\build\middlewares.js:34:12)
                    at Context.&lt;anonymous> (C:\Users\Atul Kumar\Desktop\CTI\test\pages\logincopy.page.js:280:41)
                    at Context.executeSync (C:\Users\Atul Kumar\Desktop\CTI\node_modules\@wdio\sync\build\index.js:25:22)
                    at C:\Users\Atul Kumar\Desktop\CTI\node_modules\@wdio\sync\build\index.js:46:68</stack-trace>
            </failure>
        </test-case>
        <test-case start='1606909802769' status='broken' stop='1606909817730'>
            <name>"before each" hook for "Should display Set Pin text on the screen"</name>
            <title>"before each" hook for "Should display Set Pin text on the screen"</title>
            <labels>
                <label name='language' value='javascript'/>
                <label name='framework' value='wdio'/>
                <label name='thread' value='0-0'/>
                <label name='language' value='javascript'/>
                <label name='framework' value='wdio'/>
                <label name='thread' value='0-0'/>
                <label name='language' value='javascript'/>
                <label name='framework' value='wdio'/>
                <label name='thread' value='0-0'/>
                <label name='language' value='javascript'/>
                <label name='framework' value='wdio'/>
                <label name='thread' value='0-0'/>
            </labels>
            <parameters>
                <parameter kind='argument' name='browser' value='chrome-86.0.4240.198'/>
                <parameter kind='argument' name='browser' value='chrome-86.0.4240.198'/>
                <parameter kind='argument' name='browser' value='chrome-86.0.4240.198'/>
                <parameter kind='argument' name='browser' value='chrome-86.0.4240.198'/>
            </parameters>
            <steps/>
            <attachments/>
            <failure>
                <message>read ECONNRESET</message>
                <stack-trace>RequestError: read ECONNRESET
                    at ClientRequest.&lt;anonymous> (C:\Users\Atul Kumar\Desktop\CTI\node_modules\got\dist\source\core\index.js:953:111)
                    at ClientRequest.origin.emit (C:\Users\Atul Kumar\Desktop\CTI\node_modules\@szmarczak\http-timer\dist\source\index.js:39:20)
                    at Socket.socketErrorListener (_http_client.js:428:9)
                    at emitErrorNT (internal/streams/destroy.js:92:8)
                    at emitErrorAndCloseNT (internal/streams/destroy.js:60:3)
                    at TCP.onStreamRead (internal/stream_base_commons.js:208:20)
                    at Browser.runCommandWithHooks (C:\Users\Atul Kumar\Desktop\CTI\node_modules\@wdio\sync\build\wrapCommand.js:65:24)
                    at Browser.wrapCommandFn (C:\Users\Atul Kumar\Desktop\CTI\node_modules\@wdio\sync\build\wrapCommand.js:44:44)
                    at LoginPage.open (C:\Users\Atul Kumar\Desktop\CTI\test\pages\page.js:3:24)
                    at LoginPage.open (C:\Users\Atul Kumar\Desktop\CTI\test\pages\login.page.js:6:15)
                    at Context.&lt;anonymous> (C:\Users\Atul Kumar\Desktop\CTI\test\specs\main.js:8:14)
                    at Context.executeSync (C:\Users\Atul Kumar\Desktop\CTI\node_modules\@wdio\sync\build\index.js:25:22)
                    at C:\Users\Atul Kumar\Desktop\CTI\node_modules\@wdio\sync\build\index.js:46:68</stack-trace>
            </failure>
        </test-case>
    </test-cases>
</ns2:test-suite>