<?xml version='1.0'?>
<ns2:test-suite xmlns:ns2='urn:model.allure.qatools.yandex.ru' start='1606733991899' stop='1606734083507'>
    <name>Set Pin Page</name>
    <title>Set Pin Page</title>
    <test-cases>
        <test-case start='1606733991899' status='broken' stop='1606734002047'>
            <name>Should verify the title</name>
            <title>Should verify the title</title>
            <labels>
                <label name='language' value='javascript'/>
                <label name='framework' value='wdio'/>
                <label name='thread' value='0-0'/>
            </labels>
            <parameters>
                <parameter kind='argument' name='browser' value='chrome-86.0.4240.198'/>
            </parameters>
            <steps/>
            <attachments/>
            <failure>
                <message>Can't call addValue on element with selector "#email" because element wasn't found</message>
                <stack-trace>Error: Can't call addValue on element with selector "#email" because element wasn't found
                    at Object.implicitWait [as default] (C:\Users\Atul Kumar\Desktop\CTI\node_modules\webdriverio\build\utils\implicitWait.js:26:19)
                    at Element.runCommandWithHooks (C:\Users\Atul Kumar\Desktop\CTI\node_modules\@wdio\sync\build\wrapCommand.js:65:24)
                    at Element.wrapCommandFn (C:\Users\Atul Kumar\Desktop\CTI\node_modules\@wdio\sync\build\wrapCommand.js:44:44)
                    at Element.elementErrorHandlerCallback (C:\Users\Atul Kumar\Desktop\CTI\node_modules\webdriverio\build\middlewares.js:34:12)
                    at Context.&lt;anonymous> (C:\Users\Atul Kumar\Desktop\CTI\test\pages\logincopy.page.js:242:41)
                    at Context.executeSync (C:\Users\Atul Kumar\Desktop\CTI\node_modules\@wdio\sync\build\index.js:25:22)
                    at C:\Users\Atul Kumar\Desktop\CTI\node_modules\@wdio\sync\build\index.js:46:68</stack-trace>
            </failure>
        </test-case>
        <test-case start='1606734002048' status='broken' stop='1606734012068'>
            <name>Logo should be displayed</name>
            <title>Logo should be displayed</title>
            <labels>
                <label name='language' value='javascript'/>
                <label name='framework' value='wdio'/>
                <label name='thread' value='0-0'/>
            </labels>
            <parameters>
                <parameter kind='argument' name='browser' value='chrome-86.0.4240.198'/>
            </parameters>
            <steps/>
            <attachments/>
            <failure>
                <message>Can't call addValue on element with selector "#email" because element wasn't found</message>
                <stack-trace>Error: Can't call addValue on element with selector "#email" because element wasn't found
                    at Object.implicitWait [as default] (C:\Users\Atul Kumar\Desktop\CTI\node_modules\webdriverio\build\utils\implicitWait.js:26:19)
                    at Element.runCommandWithHooks (C:\Users\Atul Kumar\Desktop\CTI\node_modules\@wdio\sync\build\wrapCommand.js:65:24)
                    at Element.wrapCommandFn (C:\Users\Atul Kumar\Desktop\CTI\node_modules\@wdio\sync\build\wrapCommand.js:44:44)
                    at Element.elementErrorHandlerCallback (C:\Users\Atul Kumar\Desktop\CTI\node_modules\webdriverio\build\middlewares.js:34:12)
                    at Context.&lt;anonymous> (C:\Users\Atul Kumar\Desktop\CTI\test\pages\logincopy.page.js:251:41)
                    at Context.executeSync (C:\Users\Atul Kumar\Desktop\CTI\node_modules\@wdio\sync\build\index.js:25:22)
                    at C:\Users\Atul Kumar\Desktop\CTI\node_modules\@wdio\sync\build\index.js:46:68</stack-trace>
            </failure>
        </test-case>
        <test-case start='1606734012069' status='broken' stop='1606734042136'>
            <name>Should display Set Pin text on the screen</name>
            <title>Should display Set Pin text on the screen</title>
            <labels>
                <label name='language' value='javascript'/>
                <label name='framework' value='wdio'/>
                <label name='thread' value='0-0'/>
                <label name='language' value='javascript'/>
                <label name='framework' value='wdio'/>
                <label name='thread' value='0-0'/>
                <label name='language' value='javascript'/>
                <label name='framework' value='wdio'/>
                <label name='thread' value='0-0'/>
            </labels>
            <parameters>
                <parameter kind='argument' name='browser' value='chrome-86.0.4240.198'/>
                <parameter kind='argument' name='browser' value='chrome-86.0.4240.198'/>
                <parameter kind='argument' name='browser' value='chrome-86.0.4240.198'/>
            </parameters>
            <steps/>
            <attachments/>
            <failure>
                <message>Can't call addValue on element with selector "#email" because element wasn't found</message>
                <stack-trace>Error: Can't call addValue on element with selector "#email" because element wasn't found
                    at Object.implicitWait [as default] (C:\Users\Atul Kumar\Desktop\CTI\node_modules\webdriverio\build\utils\implicitWait.js:26:19)
                    at Element.runCommandWithHooks (C:\Users\Atul Kumar\Desktop\CTI\node_modules\@wdio\sync\build\wrapCommand.js:65:24)
                    at Element.wrapCommandFn (C:\Users\Atul Kumar\Desktop\CTI\node_modules\@wdio\sync\build\wrapCommand.js:44:44)
                    at Element.elementErrorHandlerCallback (C:\Users\Atul Kumar\Desktop\CTI\node_modules\webdriverio\build\middlewares.js:34:12)
                    at Context.&lt;anonymous> (C:\Users\Atul Kumar\Desktop\CTI\test\pages\logincopy.page.js:278:41)
                    at Context.executeSync (C:\Users\Atul Kumar\Desktop\CTI\node_modules\@wdio\sync\build\index.js:25:22)
                    at C:\Users\Atul Kumar\Desktop\CTI\node_modules\@wdio\sync\build\index.js:46:68</stack-trace>
            </failure>
        </test-case>
        <test-case start='1606734042136' status='broken' stop='1606734083506'>
            <name>Enter Pin button should be disabled</name>
            <title>Enter Pin button should be disabled</title>
            <labels>
                <label name='language' value='javascript'/>
                <label name='framework' value='wdio'/>
                <label name='thread' value='0-0'/>
            </labels>
            <parameters>
                <parameter kind='argument' name='browser' value='chrome-86.0.4240.198'/>
            </parameters>
            <steps/>
            <attachments/>
            <failure>
                <message>connect ECONNREFUSED 127.0.0.1:9515</message>
                <stack-trace>RequestError: connect ECONNREFUSED 127.0.0.1:9515
                    at ClientRequest.&lt;anonymous> (C:\Users\Atul Kumar\Desktop\CTI\node_modules\got\dist\source\core\index.js:953:111)
                    at ClientRequest.origin.emit (C:\Users\Atul Kumar\Desktop\CTI\node_modules\@szmarczak\http-timer\dist\source\index.js:39:20)
                    at Socket.socketErrorListener (_http_client.js:428:9)
                    at emitErrorNT (internal/streams/destroy.js:92:8)
                    at emitErrorAndCloseNT (internal/streams/destroy.js:60:3)
                    at TCPConnectWrap.afterConnect [as oncomplete] (net.js:1145:16)
                    at Browser.runCommandWithHooks (C:\Users\Atul Kumar\Desktop\CTI\node_modules\@wdio\sync\build\wrapCommand.js:65:24)
                    at Browser.wrapCommandFn (C:\Users\Atul Kumar\Desktop\CTI\node_modules\@wdio\sync\build\wrapCommand.js:44:44)
                    at global.$ (C:\Users\Atul Kumar\Desktop\CTI\node_modules\@wdio\runner\build\index.js:119:42)
                    at LoginPage.get emailOrPhoneInput [as emailOrPhoneInput] (C:\Users\Atul Kumar\Desktop\CTI\test\pages\login.page.js:14:16)
                    at Context.&lt;anonymous> (C:\Users\Atul Kumar\Desktop\CTI\test\pages\logincopy.page.js:305:23)
                    at Context.executeSync (C:\Users\Atul Kumar\Desktop\CTI\node_modules\@wdio\sync\build\index.js:25:22)
                    at C:\Users\Atul Kumar\Desktop\CTI\node_modules\@wdio\sync\build\index.js:46:68</stack-trace>
            </failure>
        </test-case>
    </test-cases>
</ns2:test-suite>