<?xml version='1.0'?>
<ns2:test-suite xmlns:ns2='urn:model.allure.qatools.yandex.ru' start='1606740736136' stop='1606740768623'>
    <name>Set Pin Page</name>
    <title>Set Pin Page</title>
    <test-cases>
        <test-case start='1606740736137' status='broken' stop='1606740745953'>
            <name>Should verify the title</name>
            <title>Should verify the title</title>
            <labels>
                <label name='language' value='javascript'/>
                <label name='framework' value='wdio'/>
                <label name='thread' value='0-0'/>
                <label name='language' value='javascript'/>
                <label name='framework' value='wdio'/>
                <label name='thread' value='0-0'/>
            </labels>
            <parameters>
                <parameter kind='argument' name='browser' value='chrome-86.0.4240.198'/>
                <parameter kind='argument' name='browser' value='chrome-86.0.4240.198'/>
            </parameters>
            <steps/>
            <attachments/>
            <failure>
                <message>element click intercepted: Element &lt;button type="submit" class="btn bg-active text-white login-btn btn-disabled disabled">...&lt;/button> is not clickable at point (959, 441). Other element would receive the click: &lt;form class="form-width-inherit">...&lt;/form>
                  (Session info: chrome=86.0.4240.198)</message>
                <stack-trace>element click intercepted: Element &lt;button type="submit" class="btn bg-active text-white login-btn btn-disabled disabled">...&lt;/button> is not clickable at point (959, 441). Other element would receive the click: &lt;form class="form-width-inherit">...&lt;/form>
                  (Session info: chrome=86.0.4240.198)
                    at Object.getErrorFromResponseBody (C:\Users\Atul Kumar\Desktop\CTI\node_modules\webdriver\build\utils.js:94:12)
                    at WebDriverRequest._request (C:\Users\Atul Kumar\Desktop\CTI\node_modules\webdriver\build\request.js:133:31)
                    at processTicksAndRejections (internal/process/task_queues.js:97:5)
                    at async Element.elementErrorHandlerCallbackFn (C:\Users\Atul Kumar\Desktop\CTI\node_modules\webdriverio\build\middlewares.js:17:32)
                    at async Element.runCommandWithHooks (C:\Users\Atul Kumar\Desktop\CTI\node_modules\@wdio\sync\build\wrapCommand.js:70:25)
                    at Element.runCommandWithHooks (C:\Users\Atul Kumar\Desktop\CTI\node_modules\@wdio\sync\build\wrapCommand.js:65:24)
                    at Element.wrapCommandFn (C:\Users\Atul Kumar\Desktop\CTI\node_modules\@wdio\sync\build\wrapCommand.js:44:44)
                    at Element.elementErrorHandlerCallback (C:\Users\Atul Kumar\Desktop\CTI\node_modules\webdriverio\build\middlewares.js:34:12)
                    at Context.&lt;anonymous> (C:\Users\Atul Kumar\Desktop\CTI\test\pages\logincopy.page.js:249:32)
                    at Context.executeSync (C:\Users\Atul Kumar\Desktop\CTI\node_modules\@wdio\sync\build\index.js:25:22)
                    at C:\Users\Atul Kumar\Desktop\CTI\node_modules\@wdio\sync\build\index.js:46:68</stack-trace>
            </failure>
        </test-case>
        <test-case start='1606740745954' status='broken' stop='1606740750517'>
            <name>Logo should be displayed</name>
            <title>Logo should be displayed</title>
            <labels>
                <label name='language' value='javascript'/>
                <label name='framework' value='wdio'/>
                <label name='thread' value='0-0'/>
                <label name='language' value='javascript'/>
                <label name='framework' value='wdio'/>
                <label name='thread' value='0-0'/>
            </labels>
            <parameters>
                <parameter kind='argument' name='browser' value='chrome-86.0.4240.198'/>
                <parameter kind='argument' name='browser' value='chrome-86.0.4240.198'/>
            </parameters>
            <steps/>
            <attachments/>
            <failure>
                <message>element click intercepted: Element &lt;button type="submit" class="btn bg-active text-white login-btn btn-disabled disabled">...&lt;/button> is not clickable at point (959, 441). Other element would receive the click: &lt;form class="form-width-inherit">...&lt;/form>
                  (Session info: chrome=86.0.4240.198)</message>
                <stack-trace>element click intercepted: Element &lt;button type="submit" class="btn bg-active text-white login-btn btn-disabled disabled">...&lt;/button> is not clickable at point (959, 441). Other element would receive the click: &lt;form class="form-width-inherit">...&lt;/form>
                  (Session info: chrome=86.0.4240.198)
                    at Object.getErrorFromResponseBody (C:\Users\Atul Kumar\Desktop\CTI\node_modules\webdriver\build\utils.js:94:12)
                    at WebDriverRequest._request (C:\Users\Atul Kumar\Desktop\CTI\node_modules\webdriver\build\request.js:133:31)
                    at processTicksAndRejections (internal/process/task_queues.js:97:5)
                    at async Element.elementErrorHandlerCallbackFn (C:\Users\Atul Kumar\Desktop\CTI\node_modules\webdriverio\build\middlewares.js:17:32)
                    at async Element.runCommandWithHooks (C:\Users\Atul Kumar\Desktop\CTI\node_modules\@wdio\sync\build\wrapCommand.js:70:25)
                    at Element.runCommandWithHooks (C:\Users\Atul Kumar\Desktop\CTI\node_modules\@wdio\sync\build\wrapCommand.js:65:24)
                    at Element.wrapCommandFn (C:\Users\Atul Kumar\Desktop\CTI\node_modules\@wdio\sync\build\wrapCommand.js:44:44)
                    at Element.elementErrorHandlerCallback (C:\Users\Atul Kumar\Desktop\CTI\node_modules\webdriverio\build\middlewares.js:34:12)
                    at Context.&lt;anonymous> (C:\Users\Atul Kumar\Desktop\CTI\test\pages\logincopy.page.js:258:32)
                    at Context.executeSync (C:\Users\Atul Kumar\Desktop\CTI\node_modules\@wdio\sync\build\index.js:25:22)
                    at C:\Users\Atul Kumar\Desktop\CTI\node_modules\@wdio\sync\build\index.js:46:68</stack-trace>
            </failure>
        </test-case>
        <test-case start='1606740750517' status='broken' stop='1606740764019'>
            <name>Should display Set Pin text on the screen</name>
            <title>Should display Set Pin text on the screen</title>
            <labels>
                <label name='language' value='javascript'/>
                <label name='framework' value='wdio'/>
                <label name='thread' value='0-0'/>
                <label name='language' value='javascript'/>
                <label name='framework' value='wdio'/>
                <label name='thread' value='0-0'/>
                <label name='language' value='javascript'/>
                <label name='framework' value='wdio'/>
                <label name='thread' value='0-0'/>
                <label name='language' value='javascript'/>
                <label name='framework' value='wdio'/>
                <label name='thread' value='0-0'/>
                <label name='language' value='javascript'/>
                <label name='framework' value='wdio'/>
                <label name='thread' value='0-0'/>
                <label name='language' value='javascript'/>
                <label name='framework' value='wdio'/>
                <label name='thread' value='0-0'/>
            </labels>
            <parameters>
                <parameter kind='argument' name='browser' value='chrome-86.0.4240.198'/>
                <parameter kind='argument' name='browser' value='chrome-86.0.4240.198'/>
                <parameter kind='argument' name='browser' value='chrome-86.0.4240.198'/>
                <parameter kind='argument' name='browser' value='chrome-86.0.4240.198'/>
                <parameter kind='argument' name='browser' value='chrome-86.0.4240.198'/>
                <parameter kind='argument' name='browser' value='chrome-86.0.4240.198'/>
            </parameters>
            <steps/>
            <attachments/>
            <failure>
                <message>element click intercepted: Element &lt;button type="submit" class="btn bg-active text-white login-btn btn-disabled disabled">...&lt;/button> is not clickable at point (959, 441). Other element would receive the click: &lt;form class="form-width-inherit">...&lt;/form>
                  (Session info: chrome=86.0.4240.198)</message>
                <stack-trace>element click intercepted: Element &lt;button type="submit" class="btn bg-active text-white login-btn btn-disabled disabled">...&lt;/button> is not clickable at point (959, 441). Other element would receive the click: &lt;form class="form-width-inherit">...&lt;/form>
                  (Session info: chrome=86.0.4240.198)
                    at Object.getErrorFromResponseBody (C:\Users\Atul Kumar\Desktop\CTI\node_modules\webdriver\build\utils.js:94:12)
                    at WebDriverRequest._request (C:\Users\Atul Kumar\Desktop\CTI\node_modules\webdriver\build\request.js:133:31)
                    at processTicksAndRejections (internal/process/task_queues.js:97:5)
                    at async Element.elementErrorHandlerCallbackFn (C:\Users\Atul Kumar\Desktop\CTI\node_modules\webdriverio\build\middlewares.js:17:32)
                    at async Element.runCommandWithHooks (C:\Users\Atul Kumar\Desktop\CTI\node_modules\@wdio\sync\build\wrapCommand.js:70:25)
                    at Element.runCommandWithHooks (C:\Users\Atul Kumar\Desktop\CTI\node_modules\@wdio\sync\build\wrapCommand.js:65:24)
                    at Element.wrapCommandFn (C:\Users\Atul Kumar\Desktop\CTI\node_modules\@wdio\sync\build\wrapCommand.js:44:44)
                    at Element.elementErrorHandlerCallback (C:\Users\Atul Kumar\Desktop\CTI\node_modules\webdriverio\build\middlewares.js:34:12)
                    at Context.&lt;anonymous> (C:\Users\Atul Kumar\Desktop\CTI\test\pages\logincopy.page.js:285:32)
                    at Context.executeSync (C:\Users\Atul Kumar\Desktop\CTI\node_modules\@wdio\sync\build\index.js:25:22)
                    at C:\Users\Atul Kumar\Desktop\CTI\node_modules\@wdio\sync\build\index.js:46:68</stack-trace>
            </failure>
        </test-case>
        <test-case start='1606740764019' status='broken' stop='1606740768623'>
            <name>Enter Pin button should be disabled</name>
            <title>Enter Pin button should be disabled</title>
            <labels>
                <label name='language' value='javascript'/>
                <label name='framework' value='wdio'/>
                <label name='thread' value='0-0'/>
                <label name='language' value='javascript'/>
                <label name='framework' value='wdio'/>
                <label name='thread' value='0-0'/>
            </labels>
            <parameters>
                <parameter kind='argument' name='browser' value='chrome-86.0.4240.198'/>
                <parameter kind='argument' name='browser' value='chrome-86.0.4240.198'/>
            </parameters>
            <steps/>
            <attachments/>
            <failure>
                <message>element click intercepted: Element &lt;button type="submit" class="btn bg-active text-white login-btn btn-disabled disabled">...&lt;/button> is not clickable at point (959, 441). Other element would receive the click: &lt;form class="form-width-inherit">...&lt;/form>
                  (Session info: chrome=86.0.4240.198)</message>
                <stack-trace>element click intercepted: Element &lt;button type="submit" class="btn bg-active text-white login-btn btn-disabled disabled">...&lt;/button> is not clickable at point (959, 441). Other element would receive the click: &lt;form class="form-width-inherit">...&lt;/form>
                  (Session info: chrome=86.0.4240.198)
                    at Object.getErrorFromResponseBody (C:\Users\Atul Kumar\Desktop\CTI\node_modules\webdriver\build\utils.js:94:12)
                    at WebDriverRequest._request (C:\Users\Atul Kumar\Desktop\CTI\node_modules\webdriver\build\request.js:133:31)
                    at processTicksAndRejections (internal/process/task_queues.js:97:5)
                    at async Element.elementErrorHandlerCallbackFn (C:\Users\Atul Kumar\Desktop\CTI\node_modules\webdriverio\build\middlewares.js:17:32)
                    at async Element.runCommandWithHooks (C:\Users\Atul Kumar\Desktop\CTI\node_modules\@wdio\sync\build\wrapCommand.js:70:25)
                    at Element.runCommandWithHooks (C:\Users\Atul Kumar\Desktop\CTI\node_modules\@wdio\sync\build\wrapCommand.js:65:24)
                    at Element.wrapCommandFn (C:\Users\Atul Kumar\Desktop\CTI\node_modules\@wdio\sync\build\wrapCommand.js:44:44)
                    at Element.elementErrorHandlerCallback (C:\Users\Atul Kumar\Desktop\CTI\node_modules\webdriverio\build\middlewares.js:34:12)
                    at Context.&lt;anonymous> (C:\Users\Atul Kumar\Desktop\CTI\test\pages\logincopy.page.js:312:32)
                    at Context.executeSync (C:\Users\Atul Kumar\Desktop\CTI\node_modules\@wdio\sync\build\index.js:25:22)
                    at C:\Users\Atul Kumar\Desktop\CTI\node_modules\@wdio\sync\build\index.js:46:68</stack-trace>
            </failure>
        </test-case>
    </test-cases>
</ns2:test-suite>