<?xml version='1.0'?>
<ns2:test-suite xmlns:ns2='urn:model.allure.qatools.yandex.ru' start='1606288149076' stop='1606288205194'>
    <name>Login page</name>
    <title>Login page</title>
    <test-cases>
        <test-case start='1606288149076' status='failed' stop='1606288160313'>
            <name>Should verify the title</name>
            <title>Should verify the title</title>
            <labels>
                <label name='language' value='javascript'/>
                <label name='framework' value='wdio'/>
                <label name='thread' value='0-0'/>
                <label name='language' value='javascript'/>
                <label name='framework' value='wdio'/>
                <label name='thread' value='0-0'/>
            </labels>
            <parameters>
                <parameter kind='argument' name='browser' value='chrome-86.0.4240.198'/>
                <parameter kind='argument' name='browser' value='chrome-86.0.4240.198'/>
            </parameters>
            <steps/>
            <attachments/>
            <failure>
                <message>Expect window to have url
                
                Expected: "http://cti-techoon.azurewebsites.net/set/pin"
                Received: "http://cti-techoon.azurewebsites.net/"</message>
                <stack-trace>Error: Expect window to have url
                
                Expected: "http://cti-techoon.azurewebsites.net/set/pin"
                Received: "http://cti-techoon.azurewebsites.net/"
                    at Context.&lt;anonymous> (C:\Users\Atul Kumar\Desktop\CTI\test\specs\login.js:293:25)
                    at Context.executeSync (C:\Users\Atul Kumar\Desktop\CTI\node_modules\@wdio\sync\build\index.js:25:22)
                    at C:\Users\Atul Kumar\Desktop\CTI\node_modules\@wdio\sync\build\index.js:46:68</stack-trace>
            </failure>
        </test-case>
        <test-case start='1606288160314' status='passed' stop='1606288164259'>
            <name>Logo should be displayed</name>
            <title>Logo should be displayed</title>
            <labels>
                <label name='language' value='javascript'/>
                <label name='framework' value='wdio'/>
                <label name='thread' value='0-0'/>
                <label name='language' value='javascript'/>
                <label name='framework' value='wdio'/>
                <label name='thread' value='0-0'/>
            </labels>
            <parameters>
                <parameter kind='argument' name='browser' value='chrome-86.0.4240.198'/>
                <parameter kind='argument' name='browser' value='chrome-86.0.4240.198'/>
            </parameters>
            <steps/>
            <attachments/>
        </test-case>
        <test-case start='1606288164260' status='broken' stop='1606288194854'>
            <name>Should display Set Pin text on the screen</name>
            <title>Should display Set Pin text on the screen</title>
            <labels>
                <label name='language' value='javascript'/>
                <label name='framework' value='wdio'/>
                <label name='thread' value='0-0'/>
                <label name='language' value='javascript'/>
                <label name='framework' value='wdio'/>
                <label name='thread' value='0-0'/>
                <label name='language' value='javascript'/>
                <label name='framework' value='wdio'/>
                <label name='thread' value='0-0'/>
                <label name='language' value='javascript'/>
                <label name='framework' value='wdio'/>
                <label name='thread' value='0-0'/>
                <label name='language' value='javascript'/>
                <label name='framework' value='wdio'/>
                <label name='thread' value='0-0'/>
                <label name='language' value='javascript'/>
                <label name='framework' value='wdio'/>
                <label name='thread' value='0-0'/>
            </labels>
            <parameters>
                <parameter kind='argument' name='browser' value='chrome-86.0.4240.198'/>
                <parameter kind='argument' name='browser' value='chrome-86.0.4240.198'/>
                <parameter kind='argument' name='browser' value='chrome-86.0.4240.198'/>
                <parameter kind='argument' name='browser' value='chrome-86.0.4240.198'/>
                <parameter kind='argument' name='browser' value='chrome-86.0.4240.198'/>
                <parameter kind='argument' name='browser' value='chrome-86.0.4240.198'/>
            </parameters>
            <steps/>
            <attachments/>
            <failure>
                <message>Can't call addValue on element with selector "#email" because element wasn't found</message>
                <stack-trace>Error: Can't call addValue on element with selector "#email" because element wasn't found
                    at Object.implicitWait [as default] (C:\Users\Atul Kumar\Desktop\CTI\node_modules\webdriverio\build\utils\implicitWait.js:26:19)
                    at Element.runCommandWithHooks (C:\Users\Atul Kumar\Desktop\CTI\node_modules\@wdio\sync\build\wrapCommand.js:65:24)
                    at Element.wrapCommandFn (C:\Users\Atul Kumar\Desktop\CTI\node_modules\@wdio\sync\build\wrapCommand.js:44:44)
                    at Element.elementErrorHandlerCallback (C:\Users\Atul Kumar\Desktop\CTI\node_modules\webdriverio\build\middlewares.js:34:12)
                    at Context.&lt;anonymous> (C:\Users\Atul Kumar\Desktop\CTI\test\specs\login.js:332:37)
                    at Context.executeSync (C:\Users\Atul Kumar\Desktop\CTI\node_modules\@wdio\sync\build\index.js:25:22)
                    at C:\Users\Atul Kumar\Desktop\CTI\node_modules\@wdio\sync\build\index.js:46:68</stack-trace>
            </failure>
        </test-case>
        <test-case start='1606288194854' status='broken' stop='1606288205193'>
            <name>Enter Pin button should be disabled</name>
            <title>Enter Pin button should be disabled</title>
            <labels>
                <label name='language' value='javascript'/>
                <label name='framework' value='wdio'/>
                <label name='thread' value='0-0'/>
                <label name='language' value='javascript'/>
                <label name='framework' value='wdio'/>
                <label name='thread' value='0-0'/>
            </labels>
            <parameters>
                <parameter kind='argument' name='browser' value='chrome-86.0.4240.198'/>
                <parameter kind='argument' name='browser' value='chrome-86.0.4240.198'/>
            </parameters>
            <steps/>
            <attachments/>
            <failure>
                <message>Can't call addValue on element with selector "#email" because element wasn't found</message>
                <stack-trace>Error: Can't call addValue on element with selector "#email" because element wasn't found
                    at Object.implicitWait [as default] (C:\Users\Atul Kumar\Desktop\CTI\node_modules\webdriverio\build\utils\implicitWait.js:26:19)
                    at Element.runCommandWithHooks (C:\Users\Atul Kumar\Desktop\CTI\node_modules\@wdio\sync\build\wrapCommand.js:65:24)
                    at Element.wrapCommandFn (C:\Users\Atul Kumar\Desktop\CTI\node_modules\@wdio\sync\build\wrapCommand.js:44:44)
                    at Element.elementErrorHandlerCallback (C:\Users\Atul Kumar\Desktop\CTI\node_modules\webdriverio\build\middlewares.js:34:12)
                    at Context.&lt;anonymous> (C:\Users\Atul Kumar\Desktop\CTI\test\specs\login.js:342:37)
                    at Context.executeSync (C:\Users\Atul Kumar\Desktop\CTI\node_modules\@wdio\sync\build\index.js:25:22)
                    at C:\Users\Atul Kumar\Desktop\CTI\node_modules\@wdio\sync\build\index.js:46:68</stack-trace>
            </failure>
        </test-case>
    </test-cases>
</ns2:test-suite>