<?xml version='1.0'?>
<ns2:test-suite xmlns:ns2='urn:model.allure.qatools.yandex.ru' start='1605874529552' stop='1605874569378'>
    <name>Sign Up page</name>
    <title>Sign Up page</title>
    <test-cases>
        <test-case start='1605874529552' status='passed' stop='1605874538755'>
            <name>Should verify the title</name>
            <title>Should verify the title</title>
            <labels>
                <label name='language' value='javascript'/>
                <label name='framework' value='wdio'/>
                <label name='thread' value='0-0'/>
                <label name='language' value='javascript'/>
                <label name='framework' value='wdio'/>
                <label name='thread' value='0-0'/>
            </labels>
            <parameters>
                <parameter kind='argument' name='browser' value='chrome-86.0.4240.198'/>
                <parameter kind='argument' name='browser' value='chrome-86.0.4240.198'/>
            </parameters>
            <steps/>
            <attachments/>
        </test-case>
        <test-case start='1605874538756' status='failed' stop='1605874549054'>
            <name>Should display Sign Up text on the screen</name>
            <title>Should display Sign Up text on the screen</title>
            <labels>
                <label name='language' value='javascript'/>
                <label name='framework' value='wdio'/>
                <label name='thread' value='0-0'/>
                <label name='language' value='javascript'/>
                <label name='framework' value='wdio'/>
                <label name='thread' value='0-0'/>
            </labels>
            <parameters>
                <parameter kind='argument' name='browser' value='chrome-86.0.4240.198'/>
                <parameter kind='argument' name='browser' value='chrome-86.0.4240.198'/>
            </parameters>
            <steps/>
            <attachments/>
            <failure>
                <message>Expect $(`h3*=Sign`) to be present
                
                Expected: "present"
                Received: "not present"</message>
                <stack-trace>Error: Expect $(`h3*=Sign`) to be present
                
                Expected: "present"
                Received: "not present"
                    at Context.&lt;anonymous> (C:\Users\Atul Kumar\Desktop\CTI\test\specs\signup.js:24:39)
                    at Context.executeSync (C:\Users\Atul Kumar\Desktop\CTI\node_modules\@wdio\sync\build\index.js:25:22)
                    at C:\Users\Atul Kumar\Desktop\CTI\node_modules\@wdio\sync\build\index.js:46:68</stack-trace>
            </failure>
        </test-case>
        <test-case start='1605874549055' status='failed' stop='1605874559201'>
            <name>Should display Welcome text before the Student Name on the screen</name>
            <title>Should display Welcome text before the Student Name on the screen</title>
            <labels>
                <label name='language' value='javascript'/>
                <label name='framework' value='wdio'/>
                <label name='thread' value='0-0'/>
                <label name='language' value='javascript'/>
                <label name='framework' value='wdio'/>
                <label name='thread' value='0-0'/>
            </labels>
            <parameters>
                <parameter kind='argument' name='browser' value='chrome-86.0.4240.198'/>
                <parameter kind='argument' name='browser' value='chrome-86.0.4240.198'/>
            </parameters>
            <steps/>
            <attachments/>
            <failure>
                <message>Expect $(`h5*=Welcome`) to have text containing
                
                Expected: "Welcome,"
                Received: undefined</message>
                <stack-trace>Error: Expect $(`h5*=Welcome`) to have text containing
                
                Expected: "Welcome,"
                Received: undefined
                    at Context.&lt;anonymous> (C:\Users\Atul Kumar\Desktop\CTI\test\specs\signup.js:29:40)
                    at Context.executeSync (C:\Users\Atul Kumar\Desktop\CTI\node_modules\@wdio\sync\build\index.js:25:22)
                    at C:\Users\Atul Kumar\Desktop\CTI\node_modules\@wdio\sync\build\index.js:46:68</stack-trace>
            </failure>
        </test-case>
        <test-case start='1605874559201' status='broken' stop='1605874569377'>
            <name>Password should get generated and Set Pin page should get displayed</name>
            <title>Password should get generated and Set Pin page should get displayed</title>
            <labels>
                <label name='language' value='javascript'/>
                <label name='framework' value='wdio'/>
                <label name='thread' value='0-0'/>
                <label name='language' value='javascript'/>
                <label name='framework' value='wdio'/>
                <label name='thread' value='0-0'/>
            </labels>
            <parameters>
                <parameter kind='argument' name='browser' value='chrome-86.0.4240.198'/>
                <parameter kind='argument' name='browser' value='chrome-86.0.4240.198'/>
            </parameters>
            <steps/>
            <attachments/>
            <failure>
                <message>Can't call addValue on element with selector "#password" because element wasn't found</message>
                <stack-trace>Error: Can't call addValue on element with selector "#password" because element wasn't found
                    at Object.implicitWait [as default] (C:\Users\Atul Kumar\Desktop\CTI\node_modules\webdriverio\build\utils\implicitWait.js:26:19)
                    at Element.runCommandWithHooks (C:\Users\Atul Kumar\Desktop\CTI\node_modules\@wdio\sync\build\wrapCommand.js:65:24)
                    at Element.wrapCommandFn (C:\Users\Atul Kumar\Desktop\CTI\node_modules\@wdio\sync\build\wrapCommand.js:44:44)
                    at Element.elementErrorHandlerCallback (C:\Users\Atul Kumar\Desktop\CTI\node_modules\webdriverio\build\middlewares.js:34:12)
                    at Context.&lt;anonymous> (C:\Users\Atul Kumar\Desktop\CTI\test\specs\signup.js:34:34)
                    at Context.executeSync (C:\Users\Atul Kumar\Desktop\CTI\node_modules\@wdio\sync\build\index.js:25:22)
                    at C:\Users\Atul Kumar\Desktop\CTI\node_modules\@wdio\sync\build\index.js:46:68</stack-trace>
            </failure>
        </test-case>
    </test-cases>
</ns2:test-suite>